{"devicePlatform":"","logFolder":"C:\\Users\\AM\\Documents\\Katalon Studio\\sgpf\\Reports\\Configuration\\20181129_051035","runData":{"hostName":"AM - DESKTOP-A9QU20P","hostAddress":"192.168.8.100","os":"Windows 10 64bit","katalonVersion":"5.6.3.1"},"type":"TEST_SUITE","name":"Configuration","id":"Test Suites/Configuration","source":"","message":"Test Cases/Ulogin FAILED because (of) Unable to open browser with url: \u0027\u0027 (Root cause: org.openqa.selenium.WebDriverException: newSession\nBuild info: version: \u00273.7.1\u0027, revision: \u00278a0099a\u0027, time: \u00272017-11-06T21:07:36.161Z\u0027\nSystem info: host: \u0027DESKTOP-A9QU20P\u0027, ip: \u0027192.168.8.100\u0027, os.name: \u0027Windows 10\u0027, os.arch: \u0027amd64\u0027, os.version: \u002710.0\u0027, java.version: \u00271.8.0_181\u0027\nDriver info: driver.version: CGeckoDriver\nremote stacktrace: stack backtrace:\n   0:           0x4821c4 - \u003cno info\u003e\n   1:           0x482933 - \u003cno info\u003e\n   2:           0x445159 - \u003cno info\u003e\n   3:           0x44eff6 - \u003cno info\u003e\n   4:           0x4322e1 - \u003cno info\u003e\n   5:           0x40ba4e - \u003cno info\u003e\n   6:           0x4119b9 - \u003cno info\u003e\n   7:           0x6d2c89 - \u003cno info\u003e\n   8:           0x426006 - \u003cno info\u003e\n   9:           0x6cd490 - \u003cno info\u003e\n  10:     0x7ff9ff7e3034 - BaseThreadInitThunk)","description":"","startTime":1543486240721,"endTime":1543486288280,"childRecords":[{"isOptional":false,"type":"TEST_CASE","name":"Test Cases/Ulogin","id":"Test Cases/Ulogin","source":"C:\\\\Users\\\\AM\\\\Documents\\\\Katalon Studio\\\\sgpf\\\\Test Cases\\\\Ulogin.tc","message":"Test Cases/Ulogin FAILED because (of) Unable to open browser with url: \u0027\u0027 (Root cause: org.openqa.selenium.WebDriverException: newSession\nBuild info: version: \u00273.7.1\u0027, revision: \u00278a0099a\u0027, time: \u00272017-11-06T21:07:36.161Z\u0027\nSystem info: host: \u0027DESKTOP-A9QU20P\u0027, ip: \u0027192.168.8.100\u0027, os.name: \u0027Windows 10\u0027, os.arch: \u0027amd64\u0027, os.version: \u002710.0\u0027, java.version: \u00271.8.0_181\u0027\nDriver info: driver.version: CGeckoDriver\nremote stacktrace: stack backtrace:\n   0:           0x4821c4 - \u003cno info\u003e\n   1:           0x482933 - \u003cno info\u003e\n   2:           0x445159 - \u003cno info\u003e\n   3:           0x44eff6 - \u003cno info\u003e\n   4:           0x4322e1 - \u003cno info\u003e\n   5:           0x40ba4e - \u003cno info\u003e\n   6:           0x4119b9 - \u003cno info\u003e\n   7:           0x6d2c89 - \u003cno info\u003e\n   8:           0x426006 - \u003cno info\u003e\n   9:           0x6cd490 - \u003cno info\u003e\n  10:     0x7ff9ff7e3034 - BaseThreadInitThunk)","description":"","startTime":1543486241812,"endTime":1543486287071,"childRecords":[{"testStatus":{"stackTrace":"","statusValue":"INFO"},"type":"MESSAGE","name":"","message":"Evaluating variables for test case","startTime":1543486241933,"endTime":0,"childRecords":[],"interuppted":false},{"index":1,"isIgnoredIfFailed":false,"type":"TEST_STEP","name":"openBrowser","message":"Unable to open browser with url: \u0027\u0027 (Root cause: org.openqa.selenium.WebDriverException: newSession\nBuild info: version: \u00273.7.1\u0027, revision: \u00278a0099a\u0027, time: \u00272017-11-06T21:07:36.161Z\u0027\nSystem info: host: \u0027DESKTOP-A9QU20P\u0027, ip: \u0027192.168.8.100\u0027, os.name: \u0027Windows 10\u0027, os.arch: \u0027amd64\u0027, os.version: \u002710.0\u0027, java.version: \u00271.8.0_181\u0027\nDriver info: driver.version: CGeckoDriver\nremote stacktrace: stack backtrace:\n   0:           0x4821c4 - \u003cno info\u003e\n   1:           0x482933 - \u003cno info\u003e\n   2:           0x445159 - \u003cno info\u003e\n   3:           0x44eff6 - \u003cno info\u003e\n   4:           0x4322e1 - \u003cno info\u003e\n   5:           0x40ba4e - \u003cno info\u003e\n   6:           0x4119b9 - \u003cno info\u003e\n   7:           0x6d2c89 - \u003cno info\u003e\n   8:           0x426006 - \u003cno info\u003e\n   9:           0x6cd490 - \u003cno info\u003e\n  10:     0x7ff9ff7e3034 - BaseThreadInitThunk)","description":"","startTime":1543486242579,"endTime":1543486287062,"childRecords":[{"testStatus":{"stackTrace":"","statusValue":"FAILED"},"type":"MESSAGE","name":"","message":"Unable to open browser with url: \u0027\u0027 (Root cause: org.openqa.selenium.WebDriverException: newSession\nBuild info: version: \u00273.7.1\u0027, revision: \u00278a0099a\u0027, time: \u00272017-11-06T21:07:36.161Z\u0027\nSystem info: host: \u0027DESKTOP-A9QU20P\u0027, ip: \u0027192.168.8.100\u0027, os.name: \u0027Windows 10\u0027, os.arch: \u0027amd64\u0027, os.version: \u002710.0\u0027, java.version: \u00271.8.0_181\u0027\nDriver info: driver.version: CGeckoDriver\nremote stacktrace: stack backtrace:\n   0:           0x4821c4 - \u003cno info\u003e\n   1:           0x482933 - \u003cno info\u003e\n   2:           0x445159 - \u003cno info\u003e\n   3:           0x44eff6 - \u003cno info\u003e\n   4:           0x4322e1 - \u003cno info\u003e\n   5:           0x40ba4e - \u003cno info\u003e\n   6:           0x4119b9 - \u003cno info\u003e\n   7:           0x6d2c89 - \u003cno info\u003e\n   8:           0x426006 - \u003cno info\u003e\n   9:           0x6cd490 - \u003cno info\u003e\n  10:     0x7ff9ff7e3034 - BaseThreadInitThunk)","startTime":1543486287059,"endTime":0,"childRecords":[],"interuppted":false}],"interuppted":false},{"testStatus":{"stackTrace":"","statusValue":"FAILED"},"type":"MESSAGE","name":"","message":"Test Cases/Ulogin FAILED because (of) Unable to open browser with url: \u0027\u0027 (Root cause: org.openqa.selenium.WebDriverException: newSession\nBuild info: version: \u00273.7.1\u0027, revision: \u00278a0099a\u0027, time: \u00272017-11-06T21:07:36.161Z\u0027\nSystem info: host: \u0027DESKTOP-A9QU20P\u0027, ip: \u0027192.168.8.100\u0027, os.name: \u0027Windows 10\u0027, os.arch: \u0027amd64\u0027, os.version: \u002710.0\u0027, java.version: \u00271.8.0_181\u0027\nDriver info: driver.version: CGeckoDriver\nremote stacktrace: stack backtrace:\n   0:           0x4821c4 - \u003cno info\u003e\n   1:           0x482933 - \u003cno info\u003e\n   2:           0x445159 - \u003cno info\u003e\n   3:           0x44eff6 - \u003cno info\u003e\n   4:           0x4322e1 - \u003cno info\u003e\n   5:           0x40ba4e - \u003cno info\u003e\n   6:           0x4119b9 - \u003cno info\u003e\n   7:           0x6d2c89 - \u003cno info\u003e\n   8:           0x426006 - \u003cno info\u003e\n   9:           0x6cd490 - \u003cno info\u003e\n  10:     0x7ff9ff7e3034 - BaseThreadInitThunk)","startTime":1543486287063,"endTime":0,"childRecords":[],"interuppted":false}],"interuppted":false},{"isOptional":false,"type":"TEST_CASE","name":"Test Cases/TC_08 Save Concept","id":"Test Cases/TC_08 Save Concept","source":"C:\\\\Users\\\\AM\\\\Documents\\\\Katalon Studio\\\\sgpf\\\\Test Cases\\\\TC_08 Save Concept.tc","message":"Test Cases/TC_08 Save Concept FAILED because (of) Unable to click on object \u0027Object Repository/Page_Budget Management System/button_Sign In\u0027 (Root cause: com.kms.katalon.core.webui.exception.BrowserNotOpenedException: Browser is not opened\nBuild info: version: \u00273.7.1\u0027, revision: \u00278a0099a\u0027, time: \u00272017-11-06T21:07:36.161Z\u0027\nSystem info: host: \u0027DESKTOP-A9QU20P\u0027, ip: \u0027192.168.8.100\u0027, os.name: \u0027Windows 10\u0027, os.arch: \u0027amd64\u0027, os.version: \u002710.0\u0027, java.version: \u00271.8.0_181\u0027\nDriver info: driver.version: unknown)","description":"","startTime":1543486287141,"endTime":1543486288097,"childRecords":[{"testStatus":{"stackTrace":"","statusValue":"INFO"},"type":"MESSAGE","name":"","message":"Evaluating variables for test case","startTime":1543486287384,"endTime":0,"childRecords":[],"interuppted":false},{"index":1,"isIgnoredIfFailed":false,"type":"TEST_STEP","name":"click","message":"Unable to click on object \u0027Object Repository/Page_Budget Management System/button_Sign In\u0027 (Root cause: com.kms.katalon.core.webui.exception.BrowserNotOpenedException: Browser is not opened\nBuild info: version: \u00273.7.1\u0027, revision: \u00278a0099a\u0027, time: \u00272017-11-06T21:07:36.161Z\u0027\nSystem info: host: \u0027DESKTOP-A9QU20P\u0027, ip: \u0027192.168.8.100\u0027, os.name: \u0027Windows 10\u0027, os.arch: \u0027amd64\u0027, os.version: \u002710.0\u0027, java.version: \u00271.8.0_181\u0027\nDriver info: driver.version: unknown)","description":"","startTime":1543486287825,"endTime":1543486288082,"childRecords":[{"testStatus":{"stackTrace":"","statusValue":"WARNING"},"type":"MESSAGE","name":"","message":"Cannot take screenshot","startTime":1543486288066,"endTime":0,"childRecords":[],"interuppted":false},{"testStatus":{"stackTrace":"","statusValue":"FAILED"},"type":"MESSAGE","name":"","message":"Unable to click on object \u0027Object Repository/Page_Budget Management System/button_Sign In\u0027 (Root cause: com.kms.katalon.core.webui.exception.BrowserNotOpenedException: Browser is not opened\nBuild info: version: \u00273.7.1\u0027, revision: \u00278a0099a\u0027, time: \u00272017-11-06T21:07:36.161Z\u0027\nSystem info: host: \u0027DESKTOP-A9QU20P\u0027, ip: \u0027192.168.8.100\u0027, os.name: \u0027Windows 10\u0027, os.arch: \u0027amd64\u0027, os.version: \u002710.0\u0027, java.version: \u00271.8.0_181\u0027\nDriver info: driver.version: unknown)","startTime":1543486288082,"endTime":0,"childRecords":[],"interuppted":false}],"interuppted":false},{"testStatus":{"stackTrace":"","statusValue":"FAILED"},"type":"MESSAGE","name":"","message":"Test Cases/TC_08 Save Concept FAILED because (of) Unable to click on object \u0027Object Repository/Page_Budget Management System/button_Sign In\u0027 (Root cause: com.kms.katalon.core.webui.exception.BrowserNotOpenedException: Browser is not opened\nBuild info: version: \u00273.7.1\u0027, revision: \u00278a0099a\u0027, time: \u00272017-11-06T21:07:36.161Z\u0027\nSystem info: host: \u0027DESKTOP-A9QU20P\u0027, ip: \u0027192.168.8.100\u0027, os.name: \u0027Windows 10\u0027, os.arch: \u0027amd64\u0027, os.version: \u002710.0\u0027, java.version: \u00271.8.0_181\u0027\nDriver info: driver.version: unknown)","startTime":1543486288095,"endTime":0,"childRecords":[],"interuppted":false}],"interuppted":false}],"interuppted":false}