{"devicePlatform":"","logFolder":"C:\\Users\\AM\\Documents\\Katalon Studio\\sgpf\\Reports\\TSu_7 Change Percentage\\20181208_172458","runData":{"hostName":"AM - DESKTOP-A9QU20P","os":"Windows 10 64bit","katalonVersion":"5.6.3.1","browser":"Chrome 70.0.3538.110","hostAddress":"192.168.8.100","sessionId":"4b312128d8b0568215139553dd47fc76","seleniumVersion":"3.7.1","proxyInformation":"ProxyInformation{proxyOption\u003dNO_PROXY, proxyServerType\u003dHTTP, password\u003d, proxyServerAddress\u003d, proxyServerPort\u003d0}","platform":"Windows 10"},"type":"TEST_SUITE","name":"TSu_7 Change Percentage","id":"Test Suites/TSu_7 Change Percentage","source":"","message":"Test Cases/TC_10 Change Percentage FAILED because (of) Unable to set text \u0027-30\u0027 of object \u0027Object Repository/Page_Budget Management System/input_value\u0027 (Root cause: com.kms.katalon.core.webui.exception.WebElementNotFoundException: Web element with id: \u0027Object Repository/Page_Budget Management System/input_value\u0027 located by \u0027By.xpath: //input[@id \u003d \u0027value\u0027 and @name \u003d \u0027value\u0027 and @type \u003d \u0027text\u0027 and @placeholder \u003d \u0027pseudo-value\u0027]\u0027 not found)","description":"","startTime":1544307904978,"endTime":1544307982013,"childRecords":[{"isOptional":false,"type":"TEST_CASE","name":"Test Cases/Ulogin","id":"Test Cases/Ulogin","source":"C:\\\\Users\\\\AM\\\\Documents\\\\Katalon Studio\\\\sgpf\\\\Test Cases\\\\Ulogin.tc","message":"Test Cases/Ulogin","description":"","startTime":1544307906603,"endTime":1544307934651,"childRecords":[{"testStatus":{"stackTrace":"","statusValue":"INFO"},"type":"MESSAGE","name":"","message":"Evaluating variables for test case","startTime":1544307906782,"endTime":0,"childRecords":[],"interuppted":false},{"index":1,"isIgnoredIfFailed":false,"type":"TEST_STEP","name":"openBrowser","message":"Browser is opened with url: \u0027\u0027","description":"","startTime":1544307907909,"endTime":1544307919719,"childRecords":[{"testStatus":{"stackTrace":"","statusValue":"PASSED"},"type":"MESSAGE","name":"","message":"Browser is opened with url: \u0027\u0027","startTime":1544307919718,"endTime":0,"childRecords":[],"interuppted":false}],"interuppted":false},{"index":2,"isIgnoredIfFailed":false,"type":"TEST_STEP","name":"navigateToUrl","message":"Navigate to \u0027http://localhost:8000/login/\u0027 successfully","description":"","startTime":1544307919720,"endTime":1544307929334,"childRecords":[{"testStatus":{"stackTrace":"","statusValue":"PASSED"},"type":"MESSAGE","name":"","message":"Navigate to \u0027http://localhost:8000/login/\u0027 successfully","startTime":1544307929332,"endTime":0,"childRecords":[],"interuppted":false}],"interuppted":false},{"index":3,"isIgnoredIfFailed":false,"type":"TEST_STEP","name":"setText","message":"Text \u0027stefanie\u0027 is set on object \u0027Object Repository/Page_Budget Management System/input_username\u0027","description":"","startTime":1544307929334,"endTime":1544307933640,"childRecords":[{"testStatus":{"stackTrace":"","statusValue":"PASSED"},"type":"MESSAGE","name":"","message":"Text \u0027stefanie\u0027 is set on object \u0027Object Repository/Page_Budget Management System/input_username\u0027","startTime":1544307933639,"endTime":0,"childRecords":[],"interuppted":false}],"interuppted":false},{"index":4,"isIgnoredIfFailed":false,"type":"TEST_STEP","name":"setEncryptedText","message":"Text ****** has been set on object \u0027Object Repository/Page_Budget Management System/input_password\u0027","description":"","startTime":1544307933643,"endTime":1544307934650,"childRecords":[{"testStatus":{"stackTrace":"","statusValue":"PASSED"},"type":"MESSAGE","name":"","message":"Text ****** has been set on object \u0027Object Repository/Page_Budget Management System/input_password\u0027","startTime":1544307934649,"endTime":0,"childRecords":[],"interuppted":false}],"interuppted":false},{"testStatus":{"stackTrace":"","statusValue":"PASSED"},"type":"MESSAGE","name":"","message":"Test Cases/Ulogin","startTime":1544307934650,"endTime":0,"childRecords":[],"interuppted":false}],"interuppted":false},{"isOptional":false,"type":"TEST_CASE","name":"Test Cases/TC_10 Change Percentage","id":"Test Cases/TC_10 Change Percentage","source":"C:\\\\Users\\\\AM\\\\Documents\\\\Katalon Studio\\\\sgpf\\\\Test Cases\\\\TC_10 Change Percentage.tc","message":"Test Cases/TC_10 Change Percentage FAILED because (of) Unable to set text \u0027-30\u0027 of object \u0027Object Repository/Page_Budget Management System/input_value\u0027 (Root cause: com.kms.katalon.core.webui.exception.WebElementNotFoundException: Web element with id: \u0027Object Repository/Page_Budget Management System/input_value\u0027 located by \u0027By.xpath: //input[@id \u003d \u0027value\u0027 and @name \u003d \u0027value\u0027 and @type \u003d \u0027text\u0027 and @placeholder \u003d \u0027pseudo-value\u0027]\u0027 not found)","description":"","startTime":1544307934822,"endTime":1544307980825,"childRecords":[{"testStatus":{"stackTrace":"","statusValue":"INFO"},"type":"MESSAGE","name":"","message":"Evaluating variables for test case","startTime":1544307935213,"endTime":0,"childRecords":[],"interuppted":false},{"index":1,"isIgnoredIfFailed":false,"type":"TEST_STEP","name":"click","message":"Object: \u0027Object Repository/Page_Budget Management System/button_Sign In\u0027 is clicked on","description":"","startTime":1544307936054,"endTime":1544307939983,"childRecords":[{"testStatus":{"stackTrace":"","statusValue":"PASSED"},"type":"MESSAGE","name":"","message":"Object: \u0027Object Repository/Page_Budget Management System/button_Sign In\u0027 is clicked on","startTime":1544307939979,"endTime":0,"childRecords":[],"interuppted":false}],"interuppted":false},{"index":2,"isIgnoredIfFailed":false,"type":"TEST_STEP","name":"click","message":"Object: \u0027Object Repository/Page_Budget Management System/a_Configuration\u0027 is clicked on","description":"","startTime":1544307939984,"endTime":1544307941123,"childRecords":[{"testStatus":{"stackTrace":"","statusValue":"PASSED"},"type":"MESSAGE","name":"","message":"Object: \u0027Object Repository/Page_Budget Management System/a_Configuration\u0027 is clicked on","startTime":1544307941122,"endTime":0,"childRecords":[],"interuppted":false}],"interuppted":false},{"index":3,"isIgnoredIfFailed":false,"type":"TEST_STEP","name":"click","message":"Object: \u0027Object Repository/Page_Budget Management System/a_Percentage\u0027 is clicked on","description":"","startTime":1544307941123,"endTime":1544307943603,"childRecords":[{"testStatus":{"stackTrace":"","statusValue":"PASSED"},"type":"MESSAGE","name":"","message":"Object: \u0027Object Repository/Page_Budget Management System/a_Percentage\u0027 is clicked on","startTime":1544307943602,"endTime":0,"childRecords":[],"interuppted":false}],"interuppted":false},{"attachment":"1544307980479.png","index":4,"isIgnoredIfFailed":false,"type":"TEST_STEP","name":"Statement - For ([row \u003d 1, row \u003c\u003d com.kms.katalon.core.testdata.TestDataFactory.findTestData(TD Change Percentage).getRowNumbers(), (row++)])","message":"Unable to set text \u0027-30\u0027 of object \u0027Object Repository/Page_Budget Management System/input_value\u0027 (Root cause: com.kms.katalon.core.webui.exception.WebElementNotFoundException: Web element with id: \u0027Object Repository/Page_Budget Management System/input_value\u0027 located by \u0027By.xpath: //input[@id \u003d \u0027value\u0027 and @name \u003d \u0027value\u0027 and @type \u003d \u0027text\u0027 and @placeholder \u003d \u0027pseudo-value\u0027]\u0027 not found)","description":"","startTime":1544307943604,"endTime":1544307980822,"childRecords":[{"attachment":"1544307980479.png","index":1,"isIgnoredIfFailed":false,"type":"TEST_STEP","name":"setText","message":"Unable to set text \u0027-30\u0027 of object \u0027Object Repository/Page_Budget Management System/input_value\u0027 (Root cause: com.kms.katalon.core.webui.exception.WebElementNotFoundException: Web element with id: \u0027Object Repository/Page_Budget Management System/input_value\u0027 located by \u0027By.xpath: //input[@id \u003d \u0027value\u0027 and @name \u003d \u0027value\u0027 and @type \u003d \u0027text\u0027 and @placeholder \u003d \u0027pseudo-value\u0027]\u0027 not found)","description":"","startTime":1544307944871,"endTime":1544307980822,"childRecords":[{"testStatus":{"stackTrace":"","statusValue":"FAILED"},"attachment":"1544307980479.png","type":"MESSAGE","name":"","message":"Unable to set text \u0027-30\u0027 of object \u0027Object Repository/Page_Budget Management System/input_value\u0027 (Root cause: com.kms.katalon.core.webui.exception.WebElementNotFoundException: Web element with id: \u0027Object Repository/Page_Budget Management System/input_value\u0027 located by \u0027By.xpath: //input[@id \u003d \u0027value\u0027 and @name \u003d \u0027value\u0027 and @type \u003d \u0027text\u0027 and @placeholder \u003d \u0027pseudo-value\u0027]\u0027 not found)","startTime":1544307980820,"endTime":0,"childRecords":[],"interuppted":false}],"interuppted":false}],"interuppted":false},{"testStatus":{"stackTrace":"","statusValue":"FAILED"},"type":"MESSAGE","name":"","message":"Test Cases/TC_10 Change Percentage FAILED because (of) Unable to set text \u0027-30\u0027 of object \u0027Object Repository/Page_Budget Management System/input_value\u0027 (Root cause: com.kms.katalon.core.webui.exception.WebElementNotFoundException: Web element with id: \u0027Object Repository/Page_Budget Management System/input_value\u0027 located by \u0027By.xpath: //input[@id \u003d \u0027value\u0027 and @name \u003d \u0027value\u0027 and @type \u003d \u0027text\u0027 and @placeholder \u003d \u0027pseudo-value\u0027]\u0027 not found)","startTime":1544307980823,"endTime":0,"childRecords":[],"interuppted":false}],"interuppted":false}],"interuppted":false}