<?xml version="1.0" encoding="UTF-8"?>
<testsuites name="TSu_7 Change Percentage" time="77" tests="1" failures="1" errors="0">
   <testsuite name="TSu_7 Change Percentage" tests="1" failures="1" errors="0" time="77" timestamp="2018-12-08 17:25:04" hostname="AM - DESKTOP-A9QU20P" id="Test Suites/TSu_7 Change Percentage">
      <properties>
         <property name="deviceName" value=""/>
         <property name="devicePlatform" value=""/>
         <property name="logFolder" value="C:\\Users\\AM\\Documents\\Katalon Studio\\sgpf\\Reports\\TSu_7 Change Percentage\\20181208_172458"/>
         <property name="logFiles" value="C:\\Users\\AM\\Documents\\Katalon Studio\\sgpf\\Reports\\TSu_7 Change Percentage\\20181208_172458\\execution0.log"/>
         <property name="attachments" value="C:\\Users\\AM\\Documents\\Katalon Studio\\sgpf\\Reports\\TSu_7 Change Percentage\\20181208_172458\\1544307980479.png"/>
         <property name="hostName" value="AM - DESKTOP-A9QU20P"/>
         <property name="os" value="Windows 10 64bit"/>
         <property name="katalonVersion" value="5.6.3.1"/>
         <property name="browser" value="Chrome 70.0.3538.110"/>
         <property name="hostAddress" value="192.168.8.100"/>
         <property name="sessionId" value="4b312128d8b0568215139553dd47fc76"/>
         <property name="seleniumVersion" value="3.7.1"/>
         <property name="proxyInformation" value="ProxyInformation{proxyOption=NO_PROXY, proxyServerType=HTTP, password=, proxyServerAddress=, proxyServerPort=0}"/>
         <property name="platform" value="Windows 10"/>
      </properties>
      <testcase name="Test Cases/Ulogin" classname="Test Cases/Ulogin" status="PASSED">
         <system-out><![CDATA[2018-12-08 17:25:06 - [TEST_CASE][PASSED] - Test Cases/Ulogin: Test Cases/Ulogin

2018-12-08 17:25:07 - [TEST_STEP][PASSED] - openBrowser: Browser is opened with url: ''

2018-12-08 17:25:19 - [MESSAGE][PASSED] - Browser is opened with url: ''

2018-12-08 17:25:19 - [TEST_STEP][PASSED] - navigateToUrl: Navigate to 'http://localhost:8000/login/' successfully

2018-12-08 17:25:29 - [MESSAGE][PASSED] - Navigate to 'http://localhost:8000/login/' successfully

2018-12-08 17:25:29 - [TEST_STEP][PASSED] - setText: Text 'stefanie' is set on object 'Object Repository/Page_Budget Management System/input_username'

2018-12-08 17:25:33 - [MESSAGE][PASSED] - Text 'stefanie' is set on object 'Object Repository/Page_Budget Management System/input_username'

2018-12-08 17:25:33 - [TEST_STEP][PASSED] - setEncryptedText: Text ****** has been set on object 'Object Repository/Page_Budget Management System/input_password'

2018-12-08 17:25:34 - [MESSAGE][PASSED] - Text ****** has been set on object 'Object Repository/Page_Budget Management System/input_password']]></system-out>
         <system-err><![CDATA[]]></system-err>
      </testcase>
      <testcase name="Test Cases/TC_10 Change Percentage" classname="Test Cases/TC_10 Change Percentage" status="FAILED">
         <failure type="FAILED" message="Unable to set text '-30' of object 'Object Repository/Page_Budget Management System/input_value' (Root cause: com.kms.katalon.core.webui.exception.WebElementNotFoundException: Web element with id: 'Object Repository/Page_Budget Management System/input_value' located by 'By.xpath: //input[@id = 'value' and @name = 'value' and @type = 'text' and @placeholder = 'pseudo-value']' not found)"/>
         <system-out><![CDATA[2018-12-08 17:25:34 - [TEST_CASE][FAILED] - Test Cases/TC_10 Change Percentage: Test Cases/TC_10 Change Percentage FAILED because (of) Unable to set text '-30' of object 'Object Repository/Page_Budget Management System/input_value' (Root cause: com.kms.katalon.core.webui.exception.WebElementNotFoundException: Web element with id: 'Object Repository/Page_Budget Management System/input_value' located by 'By.xpath: //input[@id = 'value' and @name = 'value' and @type = 'text' and @placeholder = 'pseudo-value']' not found)

2018-12-08 17:25:36 - [TEST_STEP][PASSED] - click: Object: 'Object Repository/Page_Budget Management System/button_Sign In' is clicked on

2018-12-08 17:25:39 - [MESSAGE][PASSED] - Object: 'Object Repository/Page_Budget Management System/button_Sign In' is clicked on

2018-12-08 17:25:39 - [TEST_STEP][PASSED] - click: Object: 'Object Repository/Page_Budget Management System/a_Configuration' is clicked on

2018-12-08 17:25:41 - [MESSAGE][PASSED] - Object: 'Object Repository/Page_Budget Management System/a_Configuration' is clicked on

2018-12-08 17:25:41 - [TEST_STEP][PASSED] - click: Object: 'Object Repository/Page_Budget Management System/a_Percentage' is clicked on

2018-12-08 17:25:43 - [MESSAGE][PASSED] - Object: 'Object Repository/Page_Budget Management System/a_Percentage' is clicked on

2018-12-08 17:25:43 - [TEST_STEP][FAILED] - Statement - For ([row = 1, row <= com.kms.katalon.core.testdata.TestDataFactory.findTestData(TD Change Percentage).getRowNumbers(), (row++)]): Unable to set text '-30' of object 'Object Repository/Page_Budget Management System/input_value' (Root cause: com.kms.katalon.core.webui.exception.WebElementNotFoundException: Web element with id: 'Object Repository/Page_Budget Management System/input_value' located by 'By.xpath: //input[@id = 'value' and @name = 'value' and @type = 'text' and @placeholder = 'pseudo-value']' not found)

2018-12-08 17:25:44 - [TEST_STEP][FAILED] - setText: Unable to set text '-30' of object 'Object Repository/Page_Budget Management System/input_value' (Root cause: com.kms.katalon.core.webui.exception.WebElementNotFoundException: Web element with id: 'Object Repository/Page_Budget Management System/input_value' located by 'By.xpath: //input[@id = 'value' and @name = 'value' and @type = 'text' and @placeholder = 'pseudo-value']' not found)

2018-12-08 17:26:20 - [MESSAGE][FAILED] - Unable to set text '-30' of object 'Object Repository/Page_Budget Management System/input_value' (Root cause: com.kms.katalon.core.webui.exception.WebElementNotFoundException: Web element with id: 'Object Repository/Page_Budget Management System/input_value' located by 'By.xpath: //input[@id = 'value' and @name = 'value' and @type = 'text' and @placeholder = 'pseudo-value']' not found)
[[ATTACHMENT|C:\\Users\\AM\\Documents\\Katalon Studio\\sgpf\\Reports\\TSu_7 Change Percentage\\20181208_172458\\1544307980479.png]]]]></system-out>
         <system-err><![CDATA[2018-12-08 17:25:34 - [TEST_CASE][FAILED] - Test Cases/TC_10 Change Percentage: Test Cases/TC_10 Change Percentage FAILED because (of) Unable to set text '-30' of object 'Object Repository/Page_Budget Management System/input_value' (Root cause: com.kms.katalon.core.webui.exception.WebElementNotFoundException: Web element with id: 'Object Repository/Page_Budget Management System/input_value' located by 'By.xpath: //input[@id = 'value' and @name = 'value' and @type = 'text' and @placeholder = 'pseudo-value']' not found)]]></system-err>
      </testcase>
      <system-out><![CDATA[2018-12-08 17:25:04 - [TEST_SUITE][FAILED] - TSu_7 Change Percentage: Test Cases/TC_10 Change Percentage FAILED because (of) Unable to set text '-30' of object 'Object Repository/Page_Budget Management System/input_value' (Root cause: com.kms.katalon.core.webui.exception.WebElementNotFoundException: Web element with id: 'Object Repository/Page_Budget Management System/input_value' located by 'By.xpath: //input[@id = 'value' and @name = 'value' and @type = 'text' and @placeholder = 'pseudo-value']' not found)]]></system-out>
      <system-err><![CDATA[2018-12-08 17:25:04 - [TEST_SUITE][FAILED] - TSu_7 Change Percentage: Test Cases/TC_10 Change Percentage FAILED because (of) Unable to set text '-30' of object 'Object Repository/Page_Budget Management System/input_value' (Root cause: com.kms.katalon.core.webui.exception.WebElementNotFoundException: Web element with id: 'Object Repository/Page_Budget Management System/input_value' located by 'By.xpath: //input[@id = 'value' and @name = 'value' and @type = 'text' and @placeholder = 'pseudo-value']' not found)]]></system-err>
   </testsuite>
</testsuites>
